Using pre-set license
Built from '2020.2/release' branch; Version is '2020.2.1f1 (270dd8c3da1c) revision 2559448'; Using compiler version '192528614'; Build Type 'Release'
OS: 'Windows 10  (10.0.0) 64bit' Language: 'es' Physical Memory: 16340 MB
BatchMode: 1, IsHumanControllingUs: 0, StartBugReporterOnCrash: 0, Is64bit: 1, IsPro: 0

 COMMAND LINE ARGUMENTS:
C:\Program Files\Unity\Hub\Editor\2020.2.1f1\Editor\Unity.exe
-adb2
-batchMode
-noUpm
-name
AssetImportWorker0
-projectPath
D:/UnityOtherProjct/BIOMass Effect/TFG-ALVARO_OLIVET_GIMENO-v_1.0/TheBindingOfAlvaro
-logFile
Logs/AssetImportWorker0.log
-srvPort
58307
Successfully changed project path to: D:/UnityOtherProjct/BIOMass Effect/TFG-ALVARO_OLIVET_GIMENO-v_1.0/TheBindingOfAlvaro
D:/UnityOtherProjct/BIOMass Effect/TFG-ALVARO_OLIVET_GIMENO-v_1.0/TheBindingOfAlvaro
Using Asset Import Pipeline V2.
Refreshing native plugins compatible for Editor in 29.05 ms, found 0 plugins.
Preloading 0 native plugins for Editor in 0.00 ms.
Initialize engine version: 2020.2.1f1 (270dd8c3da1c)
[Subsystems] Discovering subsystems at path C:/Program Files/Unity/Hub/Editor/2020.2.1f1/Editor/Data/Resources/UnitySubsystems
[Subsystems] Discovering subsystems at path D:/UnityOtherProjct/BIOMass Effect/TFG-ALVARO_OLIVET_GIMENO-v_1.0/TheBindingOfAlvaro/Assets
GfxDevice: creating device client; threaded=0
Direct3D:
    Version:  Direct3D 11.0 [level 11.1]
    Renderer: NVIDIA GeForce GTX 1070 (ID=0x1be1)
    Vendor:   
    VRAM:     8081 MB
    Driver:   27.21.14.6192
Initialize mono
Mono path[0] = 'C:/Program Files/Unity/Hub/Editor/2020.2.1f1/Editor/Data/Managed'
Mono path[1] = 'C:/Program Files/Unity/Hub/Editor/2020.2.1f1/Editor/Data/MonoBleedingEdge/lib/mono/unityjit'
Mono config path = 'C:/Program Files/Unity/Hub/Editor/2020.2.1f1/Editor/Data/MonoBleedingEdge/etc'
Using monoOptions --debugger-agent=transport=dt_socket,embedding=1,server=y,suspend=n,address=127.0.0.1:56096
Begin MonoManager ReloadAssembly
Registering precompiled unity dll's ...
Register platform support module: C:/Program Files/Unity/Hub/Editor/2020.2.1f1/Editor/Data/PlaybackEngines/WindowsStandaloneSupport/UnityEditor.WindowsStandalone.Extensions.dll
Registered in 0.002257 seconds.
Native extension for WindowsStandalone target not found
Refreshing native plugins compatible for Editor in 34.22 ms, found 0 plugins.
Preloading 0 native plugins for Editor in 0.00 ms.
Invoked RoslynAnalysisRunner static constructor.
RoslynAnalysisRunner will not be running.
RoslynAnalysisRunner has terminated.
Mono: successfully reloaded assembly
- Completed reload, in  1.420 seconds
Platform modules already initialized, skipping
Registering precompiled user dll's ...
Registered in 0.000574 seconds.
Begin MonoManager ReloadAssembly
Native extension for WindowsStandalone target not found
Refreshing native plugins compatible for Editor in 0.25 ms, found 0 plugins.
Preloading 0 native plugins for Editor in 0.00 ms.
Invoked RoslynAnalysisRunner static constructor.
RoslynAnalysisRunner will not be running.
RoslynAnalysisRunner has terminated.
Mono: successfully reloaded assembly
- Completed reload, in  0.966 seconds
Platform modules already initialized, skipping
========================================================================
Worker process is ready to serve import requests
Launched and connected shader compiler UnityShaderCompiler.exe after 0.05 seconds
Refreshing native plugins compatible for Editor in 0.21 ms, found 0 plugins.
Preloading 0 native plugins for Editor in 0.00 ms.
Unloading 1180 Unused Serialized files (Serialized files now loaded: 0)
System memory in use before: 78.1 MB.
System memory in use after: 78.2 MB.

Unloading 12 unused Assets to reduce memory usage. Loaded Objects now: 1648.
Total: 2.858800 ms (FindLiveObjects: 0.341000 ms CreateObjectMapping: 0.107300 ms MarkObjects: 2.385100 ms  DeleteObjects: 0.023200 ms)

========================================================================
Received Import Request.
  path: Assets/Sprites/SpritesForTuto/1200px-White_triangle.svg.png
  artifactKey: Guid(61e612bee31af9b44b4085c556dd2112) Importer(815301076,1909f56bfc062723c751e8b465ee728b)
Start importing Assets/Sprites/SpritesForTuto/1200px-White_triangle.svg.png using Guid(61e612bee31af9b44b4085c556dd2112) Importer(815301076,1909f56bfc062723c751e8b465ee728b)  -> (artifact id: '4f73bc7ba4833c283811adf5a397cf93') in 0.194413 seconds
  Import took 0.196687 seconds .

========================================================================
Received Import Request.
  Time since last request: 0.000302 seconds.
  path: Assets/Sprites/SpritesForTuto/simbolos-aztecas.png
  artifactKey: Guid(44a5ea12cee4a6f4a8111d433e679bff) Importer(815301076,1909f56bfc062723c751e8b465ee728b)
Start importing Assets/Sprites/SpritesForTuto/simbolos-aztecas.png using Guid(44a5ea12cee4a6f4a8111d433e679bff) Importer(815301076,1909f56bfc062723c751e8b465ee728b)  -> (artifact id: 'da7c6edda97b41e458e41438caaa6c91') in 0.121147 seconds
  Import took 0.123236 seconds .

========================================================================
Received Import Request.
  Time since last request: 0.000370 seconds.
  path: Assets/Sprites/SpritesForTuto/iluminatiEye.png
  artifactKey: Guid(cd4b92b8adc09794aa4ff9da8512272c) Importer(815301076,1909f56bfc062723c751e8b465ee728b)
Start importing Assets/Sprites/SpritesForTuto/iluminatiEye.png using Guid(cd4b92b8adc09794aa4ff9da8512272c) Importer(815301076,1909f56bfc062723c751e8b465ee728b)  -> (artifact id: 'acf437a36fdf842fbd15962174110370') in 0.017428 seconds
  Import took 0.019988 seconds .

========================================================================
Received Import Request.
  Time since last request: 0.000466 seconds.
  path: Assets/Sprites/SpritesForTuto/Sin título-2.png
  artifactKey: Guid(d06f85ef67311c44a959978bb39bb53e) Importer(815301076,1909f56bfc062723c751e8b465ee728b)
Start importing Assets/Sprites/SpritesForTuto/Sin título-2.png using Guid(d06f85ef67311c44a959978bb39bb53e) Importer(815301076,1909f56bfc062723c751e8b465ee728b)  -> (artifact id: '809ef58f4e58c5cefe7afad206a5a666') in 0.088076 seconds
  Import took 0.090751 seconds .

========================================================================
Received Import Request.
  Time since last request: 159.449162 seconds.
  path: ProjectSettings/TagManager.asset
  artifactKey: Guid(00000000000000003000000000000000) Importer(815301076,1909f56bfc062723c751e8b465ee728b)
Start importing ProjectSettings/TagManager.asset using Guid(00000000000000003000000000000000) Importer(815301076,1909f56bfc062723c751e8b465ee728b)  -> (artifact id: '3fbff01762ce05998b7ddb72a899d70a') in 0.007711 seconds
  Import took 0.011437 seconds .

========================================================================
Received Import Request.
  Time since last request: 0.001429 seconds.
  path: ProjectSettings/TagManager.asset
  artifactKey: Guid(00000000000000003000000000000000) Importer(815301076,1909f56bfc062723c751e8b465ee728b)
Start importing ProjectSettings/TagManager.asset using Guid(00000000000000003000000000000000) Importer(815301076,1909f56bfc062723c751e8b465ee728b)  -> (artifact id: '3fbff01762ce05998b7ddb72a899d70a') in 0.003482 seconds
  Import took 0.005578 seconds .

========================================================================
Received Prepare
Registering precompiled user dll's ...
Registered in 0.000673 seconds.
Begin MonoManager ReloadAssembly
Native extension for WindowsStandalone target not found
Refreshing native plugins compatible for Editor in 0.23 ms, found 0 plugins.
Preloading 0 native plugins for Editor in 0.00 ms.
Invoked RoslynAnalysisRunner static constructor.
RoslynAnalysisRunner will not be running.
RoslynAnalysisRunner has terminated.
Mono: successfully reloaded assembly
- Completed reload, in  0.914 seconds
Platform modules already initialized, skipping
Refreshing native plugins compatible for Editor in 0.27 ms, found 0 plugins.
Preloading 0 native plugins for Editor in 0.00 ms.
Unloading 1175 Unused Serialized files (Serialized files now loaded: 0)
System memory in use before: 81.4 MB.
System memory in use after: 81.5 MB.

Unloading 6 unused Assets to reduce memory usage. Loaded Objects now: 1711.
Total: 3.097300 ms (FindLiveObjects: 0.337000 ms CreateObjectMapping: 0.081100 ms MarkObjects: 2.626700 ms  DeleteObjects: 0.050200 ms)

========================================================================
Received Import Request.
  Time since last request: 126.371427 seconds.
  path: Assets/Prefabs/ShoopKeeper
  artifactKey: Guid(1ab7ff5fc8b55de48a23a920e9ab90f9) Importer(815301076,1909f56bfc062723c751e8b465ee728b)
Start importing Assets/Prefabs/ShoopKeeper using Guid(1ab7ff5fc8b55de48a23a920e9ab90f9) Importer(815301076,1909f56bfc062723c751e8b465ee728b)  -> (artifact id: 'df74470b71c709855f0706440eabe773') in 0.004698 seconds
  Import took 0.007313 seconds .

========================================================================
Received Import Request.
  Time since last request: 1.415927 seconds.
  path: Assets/Prefabs/ShoopKeeper/SHOOP_KEEPER.prefab
  artifactKey: Guid(df189035cbe24fc43a0609b1e68b010a) Importer(815301076,1909f56bfc062723c751e8b465ee728b)
Start importing Assets/Prefabs/ShoopKeeper/SHOOP_KEEPER.prefab using Guid(df189035cbe24fc43a0609b1e68b010a) Importer(815301076,1909f56bfc062723c751e8b465ee728b)  -> (artifact id: 'b5bd1229e8fad050cb3a8bcfc48d9031') in 0.085652 seconds
  Import took 0.088832 seconds .

========================================================================
Received Import Request.
  Time since last request: 40.436736 seconds.
  path: Assets/Scripts/ShopScripts
  artifactKey: Guid(c9bf8739f52ed9f4183b3179a52e03f9) Importer(815301076,1909f56bfc062723c751e8b465ee728b)
Start importing Assets/Scripts/ShopScripts using Guid(c9bf8739f52ed9f4183b3179a52e03f9) Importer(815301076,1909f56bfc062723c751e8b465ee728b)  -> (artifact id: 'a5252639a4771eaaf1bf4ac7e8bdd44b') in 0.002531 seconds
  Import took 0.005513 seconds .

========================================================================
Received Import Request.
  Time since last request: 13.803528 seconds.
  path: Assets/Scripts/ShopScripts/ShopKeeper.cs
  artifactKey: Guid(238f34a488a85fa4588d66e58bb2c6f6) Importer(815301076,1909f56bfc062723c751e8b465ee728b)
Start importing Assets/Scripts/ShopScripts/ShopKeeper.cs using Guid(238f34a488a85fa4588d66e58bb2c6f6) Importer(815301076,1909f56bfc062723c751e8b465ee728b)  -> (artifact id: '713bdbdda79c200cf38e91531c12d858') in 0.030514 seconds
  Import took 0.032934 seconds .

========================================================================
Received Prepare
Registering precompiled user dll's ...
Registered in 0.000579 seconds.
Begin MonoManager ReloadAssembly
Native extension for WindowsStandalone target not found
Refreshing native plugins compatible for Editor in 0.21 ms, found 0 plugins.
Preloading 0 native plugins for Editor in 0.00 ms.
Invoked RoslynAnalysisRunner static constructor.
RoslynAnalysisRunner will not be running.
RoslynAnalysisRunner has terminated.
Mono: successfully reloaded assembly
- Completed reload, in  0.953 seconds
Platform modules already initialized, skipping
Refreshing native plugins compatible for Editor in 0.22 ms, found 0 plugins.
Preloading 0 native plugins for Editor in 0.00 ms.
Unloading 1176 Unused Serialized files (Serialized files now loaded: 0)
System memory in use before: 81.7 MB.
System memory in use after: 81.8 MB.

Unloading 4 unused Assets to reduce memory usage. Loaded Objects now: 1718.
Total: 1.671700 ms (FindLiveObjects: 0.144700 ms CreateObjectMapping: 0.040000 ms MarkObjects: 1.468600 ms  DeleteObjects: 0.017200 ms)

========================================================================
Received Prepare
Registering precompiled user dll's ...
Registered in 0.000589 seconds.
Begin MonoManager ReloadAssembly
Native extension for WindowsStandalone target not found
Refreshing native plugins compatible for Editor in 0.22 ms, found 0 plugins.
Preloading 0 native plugins for Editor in 0.00 ms.
Invoked RoslynAnalysisRunner static constructor.
RoslynAnalysisRunner will not be running.
RoslynAnalysisRunner has terminated.
Mono: successfully reloaded assembly
- Completed reload, in  0.925 seconds
Platform modules already initialized, skipping
Refreshing native plugins compatible for Editor in 0.26 ms, found 0 plugins.
Preloading 0 native plugins for Editor in 0.00 ms.
Unloading 1176 Unused Serialized files (Serialized files now loaded: 0)
System memory in use before: 81.8 MB.
System memory in use after: 81.9 MB.

Unloading 4 unused Assets to reduce memory usage. Loaded Objects now: 1720.
Total: 2.090900 ms (FindLiveObjects: 0.239600 ms CreateObjectMapping: 0.128500 ms MarkObjects: 1.704800 ms  DeleteObjects: 0.016800 ms)

========================================================================
Received Import Request.
  Time since last request: 129.722290 seconds.
  path: Assets/Prefabs/ShoopKeeper/SHOOP_KEEPER.prefab
  artifactKey: Guid(df189035cbe24fc43a0609b1e68b010a) Importer(815301076,1909f56bfc062723c751e8b465ee728b)
Start importing Assets/Prefabs/ShoopKeeper/SHOOP_KEEPER.prefab using Guid(df189035cbe24fc43a0609b1e68b010a) Importer(815301076,1909f56bfc062723c751e8b465ee728b)  -> (artifact id: 'a23ca413e4377040738ffffab66f4cf6') in 0.074804 seconds
  Import took 0.078450 seconds .

========================================================================
Received Import Request.
  Time since last request: 22.523867 seconds.
  path: Assets/Prefabs/Bullet_prefabs/BasicTorretBullet.prefab
  artifactKey: Guid(ae9010e7d0289564abc5fdb411bd5ed9) Importer(815301076,1909f56bfc062723c751e8b465ee728b)
Start importing Assets/Prefabs/Bullet_prefabs/BasicTorretBullet.prefab using Guid(ae9010e7d0289564abc5fdb411bd5ed9) Importer(815301076,1909f56bfc062723c751e8b465ee728b)  -> (artifact id: '9f840fa726f0f487b824a687125597f0') in 0.011743 seconds
  Import took 0.015532 seconds .

========================================================================
Received Import Request.
  Time since last request: 0.000380 seconds.
  path: Assets/Prefabs/Bullet_prefabs/BounceTorretBullet.prefab
  artifactKey: Guid(317fedab213ba264e994f79989d14ac9) Importer(815301076,1909f56bfc062723c751e8b465ee728b)
Start importing Assets/Prefabs/Bullet_prefabs/BounceTorretBullet.prefab using Guid(317fedab213ba264e994f79989d14ac9) Importer(815301076,1909f56bfc062723c751e8b465ee728b)  -> (artifact id: '6eee13312e14960988e6a32c43752357') in 0.010328 seconds
  Import took 0.012975 seconds .

========================================================================
Received Import Request.
  Time since last request: 0.000371 seconds.
  path: Assets/Prefabs/Bullet_prefabs/BounceTorretBullet 1.prefab
  artifactKey: Guid(14abb99c701c3844ea116aa536cc944a) Importer(815301076,1909f56bfc062723c751e8b465ee728b)
Start importing Assets/Prefabs/Bullet_prefabs/BounceTorretBullet 1.prefab using Guid(14abb99c701c3844ea116aa536cc944a) Importer(815301076,1909f56bfc062723c751e8b465ee728b)  -> (artifact id: '78152b2eca410a59002f66136c0cd8bd') in 0.012116 seconds
  Import took 0.014227 seconds .

========================================================================
Received Import Request.
  Time since last request: 0.000332 seconds.
  path: Assets/Prefabs/Bullet_prefabs/ParryTorretBullet.prefab
  artifactKey: Guid(f1c2ef929021e674ca494ab26515ce9c) Importer(815301076,1909f56bfc062723c751e8b465ee728b)
Start importing Assets/Prefabs/Bullet_prefabs/ParryTorretBullet.prefab using Guid(f1c2ef929021e674ca494ab26515ce9c) Importer(815301076,1909f56bfc062723c751e8b465ee728b)  -> (artifact id: 'd33c6f1ac0883df45d2912ca2c4b3a45') in 0.010818 seconds
  Import took 0.013241 seconds .

========================================================================
Received Import Request.
  Time since last request: 0.000429 seconds.
  path: Assets/Prefabs/Bullet_prefabs/IntelligentParryTorretBullet.prefab
  artifactKey: Guid(b126ed84f7cb37f44ac8c38288baf1a0) Importer(815301076,1909f56bfc062723c751e8b465ee728b)
Start importing Assets/Prefabs/Bullet_prefabs/IntelligentParryTorretBullet.prefab using Guid(b126ed84f7cb37f44ac8c38288baf1a0) Importer(815301076,1909f56bfc062723c751e8b465ee728b)  -> (artifact id: '75459d8ea84458f194984b9e84202ab8') in 0.016759 seconds
  Import took 0.019983 seconds .

========================================================================
Received Import Request.
  Time since last request: 0.000453 seconds.
  path: Assets/Prefabs/Bullet_prefabs/IntelligentTorretBullet.prefab
  artifactKey: Guid(556468f8746bd9a4ea77259d98975f0f) Importer(815301076,1909f56bfc062723c751e8b465ee728b)
Start importing Assets/Prefabs/Bullet_prefabs/IntelligentTorretBullet.prefab using Guid(556468f8746bd9a4ea77259d98975f0f) Importer(815301076,1909f56bfc062723c751e8b465ee728b)  -> (artifact id: '868e0fbf3fb20f9e3196fa64511a9196') in 0.013850 seconds
  Import took 0.018121 seconds .

========================================================================
Received Import Request.
  Time since last request: 0.000402 seconds.
  path: Assets/Prefabs/Bullet_prefabs/MaximumBullet Variant.prefab
  artifactKey: Guid(e690fd0cd01b8f5419f64cc52b5d59cf) Importer(815301076,1909f56bfc062723c751e8b465ee728b)
Start importing Assets/Prefabs/Bullet_prefabs/MaximumBullet Variant.prefab using Guid(e690fd0cd01b8f5419f64cc52b5d59cf) Importer(815301076,1909f56bfc062723c751e8b465ee728b)  -> (artifact id: '72ad4a54d8f77a048299e5281f6c295b') in 0.017740 seconds
  Import took 0.021121 seconds .

========================================================================
Received Import Request.
  Time since last request: 0.000476 seconds.
  path: Assets/Prefabs/Bullet_prefabs/SuperiorBullet Variant.prefab
  artifactKey: Guid(f4f4a1eb3f84f4f47bbf9abc7bc478b8) Importer(815301076,1909f56bfc062723c751e8b465ee728b)
Start importing Assets/Prefabs/Bullet_prefabs/SuperiorBullet Variant.prefab using Guid(f4f4a1eb3f84f4f47bbf9abc7bc478b8) Importer(815301076,1909f56bfc062723c751e8b465ee728b)  -> (artifact id: '8527a4b95a5eac185378bb5c721a1b7a') in 0.014455 seconds
  Import took 0.017586 seconds .

========================================================================
Received Prepare
Registering precompiled user dll's ...
Registered in 0.000686 seconds.
Begin MonoManager ReloadAssembly
Native extension for WindowsStandalone target not found
Refreshing native plugins compatible for Editor in 0.33 ms, found 0 plugins.
Preloading 0 native plugins for Editor in 0.00 ms.
Invoked RoslynAnalysisRunner static constructor.
RoslynAnalysisRunner will not be running.
RoslynAnalysisRunner has terminated.
Mono: successfully reloaded assembly
- Completed reload, in  0.879 seconds
Platform modules already initialized, skipping
Refreshing native plugins compatible for Editor in 0.22 ms, found 0 plugins.
Preloading 0 native plugins for Editor in 0.00 ms.
Unloading 1176 Unused Serialized files (Serialized files now loaded: 0)
System memory in use before: 82.0 MB.
System memory in use after: 82.1 MB.

Unloading 4 unused Assets to reduce memory usage. Loaded Objects now: 1723.
Total: 2.090900 ms (FindLiveObjects: 0.254900 ms CreateObjectMapping: 0.043700 ms MarkObjects: 1.749700 ms  DeleteObjects: 0.041400 ms)

========================================================================
Received Import Request.
  Time since last request: 14.116464 seconds.
  path: Assets/Prefabs/Bullet_prefabs/MaximumBullet Variant.prefab
  artifactKey: Guid(e690fd0cd01b8f5419f64cc52b5d59cf) Importer(815301076,1909f56bfc062723c751e8b465ee728b)
Start importing Assets/Prefabs/Bullet_prefabs/MaximumBullet Variant.prefab using Guid(e690fd0cd01b8f5419f64cc52b5d59cf) Importer(815301076,1909f56bfc062723c751e8b465ee728b)  -> (artifact id: '368cee160a473a009a22359c10775d7c') in 0.063568 seconds
  Import took 0.065998 seconds .

========================================================================
Received Import Request.
  Time since last request: 2.053429 seconds.
  path: Assets/Prefabs/Bullet_prefabs/MaximumBullet Variant.prefab
  artifactKey: Guid(e690fd0cd01b8f5419f64cc52b5d59cf) Importer(815301076,1909f56bfc062723c751e8b465ee728b)
Start importing Assets/Prefabs/Bullet_prefabs/MaximumBullet Variant.prefab using Guid(e690fd0cd01b8f5419f64cc52b5d59cf) Importer(815301076,1909f56bfc062723c751e8b465ee728b)  -> (artifact id: '285b3e9bd37304b25b0bfa1ccc6733f1') in 0.014888 seconds
  Import took 0.018872 seconds .

========================================================================
Received Import Request.
  Time since last request: 1.197789 seconds.
  path: Assets/Prefabs/Bullet_prefabs/MaximumBullet Variant.prefab
  artifactKey: Guid(e690fd0cd01b8f5419f64cc52b5d59cf) Importer(815301076,1909f56bfc062723c751e8b465ee728b)
Start importing Assets/Prefabs/Bullet_prefabs/MaximumBullet Variant.prefab using Guid(e690fd0cd01b8f5419f64cc52b5d59cf) Importer(815301076,1909f56bfc062723c751e8b465ee728b)  -> (artifact id: '2a76e55a62596c16ccf5025ffaa9990f') in 0.013796 seconds
  Import took 0.017500 seconds .

========================================================================
Received Prepare
Registering precompiled user dll's ...
Registered in 0.000923 seconds.
Begin MonoManager ReloadAssembly
Native extension for WindowsStandalone target not found
Refreshing native plugins compatible for Editor in 0.22 ms, found 0 plugins.
Preloading 0 native plugins for Editor in 0.00 ms.
Invoked RoslynAnalysisRunner static constructor.
RoslynAnalysisRunner will not be running.
RoslynAnalysisRunner has terminated.
Mono: successfully reloaded assembly
- Completed reload, in  0.931 seconds
Platform modules already initialized, skipping
Refreshing native plugins compatible for Editor in 0.25 ms, found 0 plugins.
Preloading 0 native plugins for Editor in 0.00 ms.
Unloading 1176 Unused Serialized files (Serialized files now loaded: 0)
System memory in use before: 82.2 MB.
System memory in use after: 82.2 MB.

Unloading 4 unused Assets to reduce memory usage. Loaded Objects now: 1726.
Total: 2.541100 ms (FindLiveObjects: 0.510400 ms CreateObjectMapping: 0.076900 ms MarkObjects: 1.925900 ms  DeleteObjects: 0.025800 ms)

========================================================================
Received Prepare
Registering precompiled user dll's ...
Registered in 0.000695 seconds.
Begin MonoManager ReloadAssembly
Native extension for WindowsStandalone target not found
Refreshing native plugins compatible for Editor in 0.21 ms, found 0 plugins.
Preloading 0 native plugins for Editor in 0.00 ms.
Invoked RoslynAnalysisRunner static constructor.
RoslynAnalysisRunner will not be running.
RoslynAnalysisRunner has terminated.
Mono: successfully reloaded assembly
- Completed reload, in  0.917 seconds
Platform modules already initialized, skipping
Refreshing native plugins compatible for Editor in 0.25 ms, found 0 plugins.
Preloading 0 native plugins for Editor in 0.00 ms.
Unloading 1176 Unused Serialized files (Serialized files now loaded: 0)
System memory in use before: 82.3 MB.
System memory in use after: 82.4 MB.

Unloading 4 unused Assets to reduce memory usage. Loaded Objects now: 1728.
Total: 2.619700 ms (FindLiveObjects: 0.172700 ms CreateObjectMapping: 0.048200 ms MarkObjects: 2.340900 ms  DeleteObjects: 0.056300 ms)

========================================================================
Received Prepare
Registering precompiled user dll's ...
Registered in 0.001064 seconds.
Begin MonoManager ReloadAssembly
Native extension for WindowsStandalone target not found
Refreshing native plugins compatible for Editor in 0.49 ms, found 0 plugins.
Preloading 0 native plugins for Editor in 0.00 ms.
Invoked RoslynAnalysisRunner static constructor.
RoslynAnalysisRunner will not be running.
RoslynAnalysisRunner has terminated.
Mono: successfully reloaded assembly
- Completed reload, in  0.911 seconds
Platform modules already initialized, skipping
Refreshing native plugins compatible for Editor in 0.22 ms, found 0 plugins.
Preloading 0 native plugins for Editor in 0.00 ms.
Unloading 1176 Unused Serialized files (Serialized files now loaded: 0)
System memory in use before: 82.4 MB.
System memory in use after: 82.5 MB.

Unloading 4 unused Assets to reduce memory usage. Loaded Objects now: 1730.
Total: 2.649800 ms (FindLiveObjects: 0.389600 ms CreateObjectMapping: 0.061700 ms MarkObjects: 2.159200 ms  DeleteObjects: 0.017000 ms)

========================================================================
Received Prepare
Registering precompiled user dll's ...
Registered in 0.000646 seconds.
Begin MonoManager ReloadAssembly
Native extension for WindowsStandalone target not found
Refreshing native plugins compatible for Editor in 0.22 ms, found 0 plugins.
Preloading 0 native plugins for Editor in 0.00 ms.
Invoked RoslynAnalysisRunner static constructor.
RoslynAnalysisRunner will not be running.
RoslynAnalysisRunner has terminated.
Mono: successfully reloaded assembly
- Completed reload, in  0.945 seconds
Platform modules already initialized, skipping
Refreshing native plugins compatible for Editor in 0.25 ms, found 0 plugins.
Preloading 0 native plugins for Editor in 0.00 ms.
Unloading 1177 Unused Serialized files (Serialized files now loaded: 0)
System memory in use before: 82.6 MB.
System memory in use after: 82.7 MB.

Unloading 4 unused Assets to reduce memory usage. Loaded Objects now: 1733.
Total: 2.168100 ms (FindLiveObjects: 0.248200 ms CreateObjectMapping: 0.076700 ms MarkObjects: 1.785600 ms  DeleteObjects: 0.056600 ms)

========================================================================
Received Import Request.
  Time since last request: 520.041478 seconds.
  path: Assets/Scripts/ShopScripts/ShopPointScript.cs
  artifactKey: Guid(76bb3a8f185e2c84aa23e0a4634ae3de) Importer(815301076,1909f56bfc062723c751e8b465ee728b)
Start importing Assets/Scripts/ShopScripts/ShopPointScript.cs using Guid(76bb3a8f185e2c84aa23e0a4634ae3de) Importer(815301076,1909f56bfc062723c751e8b465ee728b)  -> (artifact id: '744416007c5edbb2e52772a5826898ae') in 0.003874 seconds
  Import took 0.006092 seconds .

========================================================================
Received Prepare
Registering precompiled user dll's ...
Registered in 0.000567 seconds.
Begin MonoManager ReloadAssembly
Native extension for WindowsStandalone target not found
Refreshing native plugins compatible for Editor in 0.46 ms, found 0 plugins.
Preloading 0 native plugins for Editor in 0.00 ms.
Invoked RoslynAnalysisRunner static constructor.
RoslynAnalysisRunner will not be running.
RoslynAnalysisRunner has terminated.
Mono: successfully reloaded assembly
- Completed reload, in  1.208 seconds
Platform modules already initialized, skipping
Refreshing native plugins compatible for Editor in 0.22 ms, found 0 plugins.
Preloading 0 native plugins for Editor in 0.00 ms.
Unloading 1177 Unused Serialized files (Serialized files now loaded: 0)
System memory in use before: 82.8 MB.
System memory in use after: 82.9 MB.

Unloading 4 unused Assets to reduce memory usage. Loaded Objects now: 1735.
Total: 2.429300 ms (FindLiveObjects: 0.280800 ms CreateObjectMapping: 0.042600 ms MarkObjects: 2.062600 ms  DeleteObjects: 0.039300 ms)

========================================================================
Received Prepare
Registering precompiled user dll's ...
Registered in 0.000775 seconds.
Begin MonoManager ReloadAssembly
Native extension for WindowsStandalone target not found
Refreshing native plugins compatible for Editor in 0.25 ms, found 0 plugins.
Preloading 0 native plugins for Editor in 0.00 ms.
Invoked RoslynAnalysisRunner static constructor.
RoslynAnalysisRunner will not be running.
RoslynAnalysisRunner has terminated.
Mono: successfully reloaded assembly
- Completed reload, in  0.897 seconds
Platform modules already initialized, skipping
Refreshing native plugins compatible for Editor in 0.23 ms, found 0 plugins.
Preloading 0 native plugins for Editor in 0.00 ms.
Unloading 1177 Unused Serialized files (Serialized files now loaded: 0)
System memory in use before: 82.9 MB.
System memory in use after: 83.0 MB.

Unloading 4 unused Assets to reduce memory usage. Loaded Objects now: 1737.
Total: 2.296600 ms (FindLiveObjects: 0.444800 ms CreateObjectMapping: 0.119700 ms MarkObjects: 1.699100 ms  DeleteObjects: 0.018400 ms)

========================================================================
Received Import Request.
  Time since last request: 1406.490218 seconds.
  path: Assets/Scripts/ShopScripts/ShopPointScript.cs
  artifactKey: Guid(76bb3a8f185e2c84aa23e0a4634ae3de) Importer(815301076,1909f56bfc062723c751e8b465ee728b)
Start importing Assets/Scripts/ShopScripts/ShopPointScript.cs using Guid(76bb3a8f185e2c84aa23e0a4634ae3de) Importer(815301076,1909f56bfc062723c751e8b465ee728b)  -> (artifact id: '22614d7f73917fa5c2ffdd18c20c47b3') in 0.004149 seconds
  Import took 0.006494 seconds .

========================================================================
Received Import Request.
  Time since last request: 46.810913 seconds.
  path: Assets/Prefabs/PicableObjects
  artifactKey: Guid(1e974e617a2209c43a3720afa4018e34) Importer(815301076,1909f56bfc062723c751e8b465ee728b)
Start importing Assets/Prefabs/PicableObjects using Guid(1e974e617a2209c43a3720afa4018e34) Importer(815301076,1909f56bfc062723c751e8b465ee728b)  -> (artifact id: '3210525d259ec270c9eb2f0e6276559f') in 0.002625 seconds
  Import took 0.006120 seconds .

========================================================================
Received Import Request.
  Time since last request: 1.031882 seconds.
  path: Assets/Prefabs/PicableObjects/Habilitys
  artifactKey: Guid(58dff054e8355fc49b842fae84c48f93) Importer(815301076,1909f56bfc062723c751e8b465ee728b)
Start importing Assets/Prefabs/PicableObjects/Habilitys using Guid(58dff054e8355fc49b842fae84c48f93) Importer(815301076,1909f56bfc062723c751e8b465ee728b)  -> (artifact id: 'fcbcad77110bc4c8c5aa00dc24e9b412') in 0.002485 seconds
  Import took 0.005324 seconds .

========================================================================
Received Import Request.
  Time since last request: 1.618510 seconds.
  path: Assets/Prefabs/PicableObjects/Habilitys/Special
  artifactKey: Guid(51926b917a230c14faa1ef4533008c4d) Importer(815301076,1909f56bfc062723c751e8b465ee728b)
Start importing Assets/Prefabs/PicableObjects/Habilitys/Special using Guid(51926b917a230c14faa1ef4533008c4d) Importer(815301076,1909f56bfc062723c751e8b465ee728b)  -> (artifact id: 'cb138ce1d1bc6ae3a82b7ee54aba8bde') in 0.002891 seconds
  Import took 0.005457 seconds .

========================================================================
Received Import Request.
  Time since last request: 0.072943 seconds.
  path: Assets/Prefabs/PicableObjects/Habilitys/Special/DEPREDADOR (HABILITY)      .prefab
  artifactKey: Guid(e7a1bf91de05101428fdf73eb22f8ea7) Importer(815301076,1909f56bfc062723c751e8b465ee728b)
Start importing Assets/Prefabs/PicableObjects/Habilitys/Special/DEPREDADOR (HABILITY)      .prefab using Guid(e7a1bf91de05101428fdf73eb22f8ea7) Importer(815301076,1909f56bfc062723c751e8b465ee728b)  -> (artifact id: '4e91926d7883ca6c8861cd11d2fcaeee') in 0.084764 seconds
  Import took 0.087338 seconds .

========================================================================
Received Import Request.
  Time since last request: 0.000379 seconds.
  path: Assets/Prefabs/PicableObjects/Habilitys/Special/TIR QUADRUPLE (HABILITY)    .prefab
  artifactKey: Guid(f3dd10835cc6e194cb8d4af1e85061c2) Importer(815301076,1909f56bfc062723c751e8b465ee728b)
Start importing Assets/Prefabs/PicableObjects/Habilitys/Special/TIR QUADRUPLE (HABILITY)    .prefab using Guid(f3dd10835cc6e194cb8d4af1e85061c2) Importer(815301076,1909f56bfc062723c751e8b465ee728b)  -> (artifact id: 'b42d01047f88aee086a5db575e6b08b0') in 0.020805 seconds
  Import took 0.023080 seconds .

========================================================================
Received Import Request.
  Time since last request: 0.000365 seconds.
  path: Assets/Prefabs/PicableObjects/Habilitys/Special/INVULNERABILITAT (HABILITY)   .prefab
  artifactKey: Guid(0f26c29272e043041b0f5fd6931698f4) Importer(815301076,1909f56bfc062723c751e8b465ee728b)
Start importing Assets/Prefabs/PicableObjects/Habilitys/Special/INVULNERABILITAT (HABILITY)   .prefab using Guid(0f26c29272e043041b0f5fd6931698f4) Importer(815301076,1909f56bfc062723c751e8b465ee728b)  -> (artifact id: 'f95f0d5ba49535f924a2a200aa879561') in 0.017542 seconds
  Import took 0.021370 seconds .

========================================================================
Received Import Request.
  Time since last request: 0.000349 seconds.
  path: Assets/Prefabs/PicableObjects/Habilitys/Special/SUPER KILL (HABILITY)       .prefab
  artifactKey: Guid(7f6e1510cfed16d44ae9ceb1b54b40d9) Importer(815301076,1909f56bfc062723c751e8b465ee728b)
Start importing Assets/Prefabs/PicableObjects/Habilitys/Special/SUPER KILL (HABILITY)       .prefab using Guid(7f6e1510cfed16d44ae9ceb1b54b40d9) Importer(815301076,1909f56bfc062723c751e8b465ee728b)  -> (artifact id: '25ed38d48eae16e20200b71bce17a087') in 0.025643 seconds
  Import took 0.029306 seconds .

========================================================================
Received Import Request.
  Time since last request: 0.000360 seconds.
  path: Assets/Prefabs/PicableObjects/Habilitys/Special/TOTAL PARRY (HABILITY)     .prefab
  artifactKey: Guid(87513fdd9b8f9544aa41c01d683af592) Importer(815301076,1909f56bfc062723c751e8b465ee728b)
Start importing Assets/Prefabs/PicableObjects/Habilitys/Special/TOTAL PARRY (HABILITY)     .prefab using Guid(87513fdd9b8f9544aa41c01d683af592) Importer(815301076,1909f56bfc062723c751e8b465ee728b)  -> (artifact id: '5f875232c83af835e3855d0d4e84c070') in 0.019031 seconds
  Import took 0.022500 seconds .

========================================================================
Received Import Request.
  Time since last request: 21.776060 seconds.
  path: Assets/Prefabs/PicableObjects/Habilitys/Passive
  artifactKey: Guid(51432360b000ab9489c4af26d51ed864) Importer(815301076,1909f56bfc062723c751e8b465ee728b)
Start importing Assets/Prefabs/PicableObjects/Habilitys/Passive using Guid(51432360b000ab9489c4af26d51ed864) Importer(815301076,1909f56bfc062723c751e8b465ee728b)  -> (artifact id: '005396252c8b43463089a641a41e8d8c') in 0.002264 seconds
  Import took 0.005559 seconds .

========================================================================
Received Import Request.
  Time since last request: 0.094695 seconds.
  path: Assets/Prefabs/PicableObjects/Habilitys/Passive/DAÑO PLUS (HABILITY)  .prefab
  artifactKey: Guid(970dd0bc4a1106541894df13cd5f75cb) Importer(815301076,1909f56bfc062723c751e8b465ee728b)
Start importing Assets/Prefabs/PicableObjects/Habilitys/Passive/DAÑO PLUS (HABILITY)  .prefab using Guid(970dd0bc4a1106541894df13cd5f75cb) Importer(815301076,1909f56bfc062723c751e8b465ee728b)  -> (artifact id: 'd8c90a31bcc94ff5d7e68d7bb96cd488') in 0.059296 seconds
  Import took 0.062165 seconds .

========================================================================
Received Import Request.
  Time since last request: 0.000396 seconds.
  path: Assets/Prefabs/PicableObjects/Habilitys/Passive/LIVE PLUS (HABILITY)    .prefab
  artifactKey: Guid(1d3bd105d894bd54e9d3a208fde8152a) Importer(815301076,1909f56bfc062723c751e8b465ee728b)
Start importing Assets/Prefabs/PicableObjects/Habilitys/Passive/LIVE PLUS (HABILITY)    .prefab using Guid(1d3bd105d894bd54e9d3a208fde8152a) Importer(815301076,1909f56bfc062723c751e8b465ee728b)  -> (artifact id: 'a0c04775dd293f71affb1cc4c02cdbb0') in 0.018339 seconds
  Import took 0.021070 seconds .

========================================================================
Received Import Request.
  Time since last request: 0.000440 seconds.
  path: Assets/Prefabs/PicableObjects/Habilitys/Passive/DELAY  PLUS (HABILITY)   .prefab
  artifactKey: Guid(df91d125bc292fa4eb5233e75358101b) Importer(815301076,1909f56bfc062723c751e8b465ee728b)
Start importing Assets/Prefabs/PicableObjects/Habilitys/Passive/DELAY  PLUS (HABILITY)   .prefab using Guid(df91d125bc292fa4eb5233e75358101b) Importer(815301076,1909f56bfc062723c751e8b465ee728b)  -> (artifact id: 'cc2e031ad9e6e6926e3e5d6daef762c1') in 0.026110 seconds
  Import took 0.029621 seconds .

========================================================================
Received Import Request.
  Time since last request: 0.000389 seconds.
  path: Assets/Prefabs/PicableObjects/Habilitys/Passive/VELOCITY PLUS (HABILITY)  .prefab
  artifactKey: Guid(e4c287776082282438227ff69db4ea0d) Importer(815301076,1909f56bfc062723c751e8b465ee728b)
Start importing Assets/Prefabs/PicableObjects/Habilitys/Passive/VELOCITY PLUS (HABILITY)  .prefab using Guid(e4c287776082282438227ff69db4ea0d) Importer(815301076,1909f56bfc062723c751e8b465ee728b)  -> (artifact id: 'e15040778955fedb43feb85115c06911') in 0.016602 seconds
  Import took 0.019901 seconds .

========================================================================
Received Import Request.
  Time since last request: 28.915661 seconds.
  path: Assets/Prefabs/PicableObjects/Habilitys/Passive/LIVE PLUS (HABILITY)    .prefab
  artifactKey: Guid(1d3bd105d894bd54e9d3a208fde8152a) Importer(815301076,1909f56bfc062723c751e8b465ee728b)
Start importing Assets/Prefabs/PicableObjects/Habilitys/Passive/LIVE PLUS (HABILITY)    .prefab using Guid(1d3bd105d894bd54e9d3a208fde8152a) Importer(815301076,1909f56bfc062723c751e8b465ee728b)  -> (artifact id: 'f47dc24dce8c756aff91c8e1c3870b9e') in 0.020215 seconds
  Import took 0.023081 seconds .

========================================================================
Received Prepare
Registering precompiled user dll's ...
Registered in 0.000594 seconds.
Begin MonoManager ReloadAssembly
Native extension for WindowsStandalone target not found
Refreshing native plugins compatible for Editor in 0.21 ms, found 0 plugins.
Preloading 0 native plugins for Editor in 0.00 ms.
Invoked RoslynAnalysisRunner static constructor.
RoslynAnalysisRunner will not be running.
RoslynAnalysisRunner has terminated.
Mono: successfully reloaded assembly
- Completed reload, in  0.940 seconds
Platform modules already initialized, skipping
Refreshing native plugins compatible for Editor in 0.21 ms, found 0 plugins.
Preloading 0 native plugins for Editor in 0.00 ms.
Unloading 1177 Unused Serialized files (Serialized files now loaded: 0)
System memory in use before: 83.1 MB.
System memory in use after: 83.2 MB.

Unloading 4 unused Assets to reduce memory usage. Loaded Objects now: 1740.
Total: 1.958700 ms (FindLiveObjects: 0.176800 ms CreateObjectMapping: 0.039800 ms MarkObjects: 1.727000 ms  DeleteObjects: 0.014000 ms)

========================================================================
Received Prepare
Registering precompiled user dll's ...
Registered in 0.000857 seconds.
Begin MonoManager ReloadAssembly
Native extension for WindowsStandalone target not found
Refreshing native plugins compatible for Editor in 0.22 ms, found 0 plugins.
Preloading 0 native plugins for Editor in 0.00 ms.
Invoked RoslynAnalysisRunner static constructor.
RoslynAnalysisRunner will not be running.
RoslynAnalysisRunner has terminated.
Mono: successfully reloaded assembly
- Completed reload, in  0.898 seconds
Platform modules already initialized, skipping
Refreshing native plugins compatible for Editor in 0.22 ms, found 0 plugins.
Preloading 0 native plugins for Editor in 0.00 ms.
Unloading 1177 Unused Serialized files (Serialized files now loaded: 0)
System memory in use before: 83.2 MB.
System memory in use after: 83.3 MB.

Unloading 4 unused Assets to reduce memory usage. Loaded Objects now: 1742.
Total: 2.235300 ms (FindLiveObjects: 0.225700 ms CreateObjectMapping: 0.069500 ms MarkObjects: 1.922900 ms  DeleteObjects: 0.015300 ms)

AssetImportWorkerClient::OnTransportError - code=2 error=End of file
